<?xml version="1.0" encoding="UTF-8"?>
<!-- Generated by org.testng.reporters.JUnitReportReporter -->
<testsuite hostname="Hp-PC" name="mm1.MTest" tests="1" failures="0" timestamp="15 Oct 2019 08:52:06 GMT" time="0.029" errors="0">
  <testcase name="h1" time="0.029" classname="mm1.MTest"/>
</testsuite> <!-- mm1.MTest -->
